<?xml version="1.0" encoding="UTF-8"?>
<!-- Generated by org.testng.reporters.JUnitReportReporter -->
<testsuite hostname="WKMGB7594573" failures="0" tests="1" name="com.inetBank.testCases.TC_LoginTest_oo1" time="2.064" errors="0" timestamp="28 May 2019 12:07:02 GMT" skipped="0">
  <testcase classname="com.inetBank.testCases.TC_LoginTest_oo1" name="loginTest" time="2.064"/>
</testsuite> <!-- com.inetBank.testCases.TC_LoginTest_oo1 -->
