<?xml version="1.0" encoding="UTF-8"?>
<!-- Generated by org.testng.reporters.JUnitReportReporter -->
<testsuite hostname="WKMGB7594573" failures="0" tests="1" name="com.inetBank.testCases.TC_AddNew_Customer_003" time="14.079" errors="0" timestamp="28 May 2019 14:50:22 GMT" skipped="0">
  <testcase classname="com.inetBank.testCases.TC_AddNew_Customer_003" name="addNewCustomer" time="14.079"/>
</testsuite> <!-- com.inetBank.testCases.TC_AddNew_Customer_003 -->
